---
timestamp: 1744278545
servers_queried: 8
osts_queried: 24
mdts_queried: 8
total_jobs: 29
top_5_jobs: []
...
---
timestamp: 1744278556
servers_queried: 8
osts_queried: 24
mdts_queried: 8
total_jobs: 29
top_5_jobs: []
...
---
timestamp: 1744278569
servers_queried: 8
osts_queried: 24
mdts_queried: 8
total_jobs: 29
top_5_jobs: []
...
---
timestamp: 1744278582
servers_queried: 8
osts_queried: 24
mdts_queried: 8
total_jobs: 29
top_5_jobs: []
...
---
timestamp: 1744278595
servers_queried: 8
osts_queried: 24
mdts_queried: 8
total_jobs: 29
top_5_jobs: []
...
---
timestamp: 1744278608
servers_queried: 8
osts_queried: 24
mdts_queried: 8
total_jobs: 29
top_5_jobs: []
...
---
timestamp: 1744278621
servers_queried: 8
osts_queried: 24
mdts_queried: 8
total_jobs: 29
top_5_jobs: []
...
---
timestamp: 1744278633
servers_queried: 8
osts_queried: 24
mdts_queried: 8
total_jobs: 29
top_5_jobs: []
...
---
timestamp: 1744278646
servers_queried: 8
osts_queried: 24
mdts_queried: 8
total_jobs: 29
top_5_jobs: []
...
