---
timestamp: 1744278853
query_duration: 7
servers_queried: 8
osts_queried: 24
mdts_queried: 8
total_jobs: 29
top_5_job_operation_rates_during_query_windows: []
...
---
timestamp: 1744278859
query_duration: 6
servers_queried: 8
osts_queried: 24
mdts_queried: 8
total_jobs: 29
top_5_job_operation_rates_during_query_windows: []
...
---
timestamp: 1744278866
query_duration: 7
servers_queried: 8
osts_queried: 24
mdts_queried: 8
total_jobs: 29
top_5_job_operation_rates_during_query_windows: []
...
---
timestamp: 1744278872
query_duration: 6
servers_queried: 8
osts_queried: 24
mdts_queried: 8
total_jobs: 29
top_5_job_operation_rates_during_query_windows: []
...
---
timestamp: 1744278878
query_duration: 6
servers_queried: 8
osts_queried: 24
mdts_queried: 8
total_jobs: 29
top_5_job_operation_rates_during_query_windows: []
...
---
timestamp: 1744278884
query_duration: 6
servers_queried: 8
osts_queried: 24
mdts_queried: 8
total_jobs: 29
top_5_job_operation_rates_during_query_windows: []
...
---
timestamp: 1744278890
query_duration: 6
servers_queried: 8
osts_queried: 24
mdts_queried: 8
total_jobs: 29
top_5_job_operation_rates_during_query_windows: []
...
---
timestamp: 1744278896
query_duration: 6
servers_queried: 8
osts_queried: 24
mdts_queried: 8
total_jobs: 29
top_5_job_operation_rates_during_query_windows: []
...
---
timestamp: 1744278902
query_duration: 6
servers_queried: 8
osts_queried: 24
mdts_queried: 8
total_jobs: 29
top_5_job_operation_rates_during_query_windows: []
...
---
timestamp: 1744278908
query_duration: 6
servers_queried: 8
osts_queried: 24
mdts_queried: 8
total_jobs: 29
top_5_job_operation_rates_during_query_windows: []
...
---
timestamp: 1744278914
query_duration: 6
servers_queried: 8
osts_queried: 24
mdts_queried: 8
total_jobs: 29
top_5_job_operation_rates_during_query_windows: []
...
---
timestamp: 1744278920
query_duration: 6
servers_queried: 8
osts_queried: 24
mdts_queried: 8
total_jobs: 29
top_5_job_operation_rates_during_query_windows: []
...
---
timestamp: 1744278926
query_duration: 6
servers_queried: 8
osts_queried: 24
mdts_queried: 8
total_jobs: 29
top_5_job_operation_rates_during_query_windows: []
...
---
timestamp: 1744278932
query_duration: 6
servers_queried: 8
osts_queried: 24
mdts_queried: 8
total_jobs: 29
top_5_job_operation_rates_during_query_windows: []
...
---
timestamp: 1744278938
query_duration: 6
servers_queried: 8
osts_queried: 24
mdts_queried: 8
total_jobs: 29
top_5_job_operation_rates_during_query_windows: []
...
---
timestamp: 1744278944
query_duration: 6
servers_queried: 8
osts_queried: 24
mdts_queried: 8
total_jobs: 29
top_5_job_operation_rates_during_query_windows: []
...
---
timestamp: 1744278950
query_duration: 6
servers_queried: 8
osts_queried: 24
mdts_queried: 8
total_jobs: 29
top_5_job_operation_rates_during_query_windows: []
...
---
timestamp: 1744278956
query_duration: 6
servers_queried: 8
osts_queried: 24
mdts_queried: 8
total_jobs: 29
top_5_job_operation_rates_during_query_windows: []
...
---
timestamp: 1744278962
query_duration: 6
servers_queried: 8
osts_queried: 24
mdts_queried: 8
total_jobs: 29
top_5_job_operation_rates_during_query_windows: []
...
---
timestamp: 1744278968
query_duration: 6
servers_queried: 8
osts_queried: 24
mdts_queried: 8
total_jobs: 29
top_5_job_operation_rates_during_query_windows: []
...
---
timestamp: 1744278974
query_duration: 6
servers_queried: 8
osts_queried: 24
mdts_queried: 8
total_jobs: 30
top_5_job_operation_rates_during_query_windows: []
...
