---
timestamp: 1744278556
query_duration: 11
servers_queried: 8
osts_queried: 24
mdts_queried: 8
total_jobs: 29
top_5_job_operation_rates_during_query_windows: []
...
---
timestamp: 1744278569
query_duration: 13
servers_queried: 8
osts_queried: 24
mdts_queried: 8
total_jobs: 29
top_5_job_operation_rates_during_query_windows: []
...
---
timestamp: 1744278582
query_duration: 13
servers_queried: 8
osts_queried: 24
mdts_queried: 8
total_jobs: 29
top_5_job_operation_rates_during_query_windows: []
...
---
timestamp: 1744278595
query_duration: 13
servers_queried: 8
osts_queried: 24
mdts_queried: 8
total_jobs: 29
top_5_job_operation_rates_during_query_windows: []
...
---
timestamp: 1744278609
query_duration: 14
servers_queried: 8
osts_queried: 24
mdts_queried: 8
total_jobs: 29
top_5_job_operation_rates_during_query_windows: []
...
---
timestamp: 1744278622
query_duration: 13
servers_queried: 8
osts_queried: 24
mdts_queried: 8
total_jobs: 29
top_5_job_operation_rates_during_query_windows: []
...
---
timestamp: 1744278635
query_duration: 13
servers_queried: 8
osts_queried: 24
mdts_queried: 8
total_jobs: 29
top_5_job_operation_rates_during_query_windows: []
...
---
timestamp: 1744278648
query_duration: 13
servers_queried: 8
osts_queried: 24
mdts_queried: 8
total_jobs: 29
top_5_job_operation_rates_during_query_windows: []
...
