---
timestamp: 1744278846
servers_queried: 8
osts_queried: 24
mdts_queried: 8
total_jobs: 29
top_5_jobs: []
...
---
timestamp: 1744278852
servers_queried: 8
osts_queried: 24
mdts_queried: 8
total_jobs: 29
top_5_jobs: []
...
---
timestamp: 1744278859
servers_queried: 8
osts_queried: 24
mdts_queried: 8
total_jobs: 29
top_5_jobs: []
...
---
timestamp: 1744278865
servers_queried: 8
osts_queried: 24
mdts_queried: 8
total_jobs: 29
top_5_jobs: []
...
---
timestamp: 1744278871
servers_queried: 8
osts_queried: 24
mdts_queried: 8
total_jobs: 29
top_5_jobs: []
...
---
timestamp: 1744278877
servers_queried: 8
osts_queried: 24
mdts_queried: 8
total_jobs: 29
top_5_jobs: []
...
---
timestamp: 1744278883
servers_queried: 8
osts_queried: 24
mdts_queried: 8
total_jobs: 29
top_5_jobs: []
...
---
timestamp: 1744278889
servers_queried: 8
osts_queried: 24
mdts_queried: 8
total_jobs: 29
top_5_jobs: []
...
---
timestamp: 1744278895
servers_queried: 8
osts_queried: 24
mdts_queried: 8
total_jobs: 29
top_5_jobs: []
...
---
timestamp: 1744278901
servers_queried: 8
osts_queried: 24
mdts_queried: 8
total_jobs: 29
top_5_jobs: []
...
---
timestamp: 1744278907
servers_queried: 8
osts_queried: 24
mdts_queried: 8
total_jobs: 29
top_5_jobs: []
...
---
timestamp: 1744278913
servers_queried: 8
osts_queried: 24
mdts_queried: 8
total_jobs: 29
top_5_jobs: []
...
---
timestamp: 1744278919
servers_queried: 8
osts_queried: 24
mdts_queried: 8
total_jobs: 29
top_5_jobs: []
...
---
timestamp: 1744278925
servers_queried: 8
osts_queried: 24
mdts_queried: 8
total_jobs: 29
top_5_jobs: []
...
---
timestamp: 1744278931
servers_queried: 8
osts_queried: 24
mdts_queried: 8
total_jobs: 29
top_5_jobs: []
...
---
timestamp: 1744278937
servers_queried: 8
osts_queried: 24
mdts_queried: 8
total_jobs: 29
top_5_jobs: []
...
---
timestamp: 1744278943
servers_queried: 8
osts_queried: 24
mdts_queried: 8
total_jobs: 29
top_5_jobs: []
...
---
timestamp: 1744278949
servers_queried: 8
osts_queried: 24
mdts_queried: 8
total_jobs: 29
top_5_jobs: []
...
---
timestamp: 1744278955
servers_queried: 8
osts_queried: 24
mdts_queried: 8
total_jobs: 29
top_5_jobs: []
...
---
timestamp: 1744278961
servers_queried: 8
osts_queried: 24
mdts_queried: 8
total_jobs: 29
top_5_jobs: []
...
---
timestamp: 1744278967
servers_queried: 8
osts_queried: 24
mdts_queried: 8
total_jobs: 29
top_5_jobs: []
...
---
timestamp: 1744278973
servers_queried: 8
osts_queried: 24
mdts_queried: 8
total_jobs: 30
top_5_jobs:
- "2850:1000054:x440-03":{ops: 24, op: 4, cl: 4, ga: 10, sa: 2, gx: 2, pu: 2}
...
