---
timestamp: 1745326457
query_duration: 2
servers_queried: 8
osts_queried: 24
mdts_queried: 8
total_jobs: 25
top_5_job_operation_rates_during_query_windows: []
...
---
timestamp: 1745326458
query_duration: 1
servers_queried: 8
osts_queried: 24
mdts_queried: 8
total_jobs: 25
top_5_job_operation_rates_during_query_windows: []
...
---
timestamp: 1745326460
query_duration: 2
servers_queried: 8
osts_queried: 24
mdts_queried: 8
total_jobs: 25
top_5_job_operation_rates_during_query_windows: []
...
---
timestamp: 1745326461
query_duration: 1
servers_queried: 8
osts_queried: 24
mdts_queried: 8
total_jobs: 25
top_5_job_operation_rates_during_query_windows: []
...
---
timestamp: 1745326462
query_duration: 1
servers_queried: 8
osts_queried: 24
mdts_queried: 8
total_jobs: 25
top_5_job_operation_rates_during_query_windows: []
...
---
timestamp: 1745326464
query_duration: 2
servers_queried: 8
osts_queried: 24
mdts_queried: 8
total_jobs: 25
top_5_job_operation_rates_during_query_windows: []
...
---
timestamp: 1745326465
query_duration: 1
servers_queried: 8
osts_queried: 24
mdts_queried: 8
total_jobs: 25
top_5_job_operation_rates_during_query_windows: []
...
---
timestamp: 1745326467
query_duration: 2
servers_queried: 8
osts_queried: 24
mdts_queried: 8
total_jobs: 26
top_5_job_operation_rates_during_query_windows: []
...
---
timestamp: 1745326468
query_duration: 1
servers_queried: 8
osts_queried: 24
mdts_queried: 8
total_jobs: 26
top_5_job_operation_rates_during_query_windows: []
...
---
timestamp: 1745326469
query_duration: 1
servers_queried: 8
osts_queried: 24
mdts_queried: 8
total_jobs: 26
top_5_job_operation_rates_during_query_windows: []
...
---
timestamp: 1745326471
query_duration: 2
servers_queried: 8
osts_queried: 24
mdts_queried: 8
total_jobs: 26
top_5_job_operation_rates_during_query_windows: []
...
