---
timestamp: 1745326455
servers_queried: 8
osts_queried: 24
mdts_queried: 8
total_jobs: 25
top_5_jobs: []
...
---
timestamp: 1745326457
servers_queried: 8
osts_queried: 24
mdts_queried: 8
total_jobs: 25
top_5_jobs: []
...
---
timestamp: 1745326458
servers_queried: 8
osts_queried: 24
mdts_queried: 8
total_jobs: 25
top_5_jobs: []
...
---
timestamp: 1745326460
servers_queried: 8
osts_queried: 24
mdts_queried: 8
total_jobs: 25
top_5_jobs: []
...
---
timestamp: 1745326461
servers_queried: 8
osts_queried: 24
mdts_queried: 8
total_jobs: 25
top_5_jobs: []
...
---
timestamp: 1745326462
servers_queried: 8
osts_queried: 24
mdts_queried: 8
total_jobs: 25
top_5_jobs: []
...
---
timestamp: 1745326464
servers_queried: 8
osts_queried: 24
mdts_queried: 8
total_jobs: 25
top_5_jobs: []
...
---
timestamp: 1745326465
servers_queried: 8
osts_queried: 24
mdts_queried: 8
total_jobs: 25
top_5_jobs: []
...
---
timestamp: 1745326467
servers_queried: 8
osts_queried: 24
mdts_queried: 8
total_jobs: 26
top_5_jobs:
- "2949:1000054:x440-01.eulab.ddn.":{ops: 52, op: 2, cl: 2, ga: 4, rd: 22, rb: {'4K': 8, '16M': 14}}
...
---
timestamp: 1745326468
servers_queried: 8
osts_queried: 24
mdts_queried: 8
total_jobs: 26
top_5_jobs:
- "2949:1000054:x440-01.eulab.ddn.":{ops: 68, op: 2, cl: 2, ga: 4, rd: 30, rb: {'4K': 14, '16M': 16}}
...
---
timestamp: 1745326469
servers_queried: 8
osts_queried: 24
mdts_queried: 8
total_jobs: 26
top_5_jobs:
- "2949:1000054:x440-01.eulab.ddn.":{ops: 68, op: 2, cl: 2, ga: 4, rd: 30, rb: {'4K': 14, '16M': 16}}
...
---
timestamp: 1745326471
servers_queried: 8
osts_queried: 24
mdts_queried: 8
total_jobs: 26
top_5_jobs:
- "2949:1000054:x440-01.eulab.ddn.":{ops: 68, op: 2, cl: 2, ga: 4, rd: 30, rb: {'4K': 14, '16M': 16}}
...
