---
timestamp: 1749036713
servers_queried: 8
osts_queried: 24
mdts_queried: 8
total_jobs: 19
top_5_jobs: []
...
---
timestamp: 1749036715
servers_queried: 8
osts_queried: 24
mdts_queried: 8
total_jobs: 19
top_5_jobs: []
...
---
timestamp: 1749036717
servers_queried: 8
osts_queried: 24
mdts_queried: 8
total_jobs: 19
top_5_jobs: []
...
---
timestamp: 1749036718
servers_queried: 8
osts_queried: 24
mdts_queried: 8
total_jobs: 19
top_5_jobs: []
...
---
timestamp: 1749036720
servers_queried: 8
osts_queried: 24
mdts_queried: 8
total_jobs: 19
top_5_jobs: []
...
---
timestamp: 1749036722
servers_queried: 8
osts_queried: 24
mdts_queried: 8
total_jobs: 19
top_5_jobs: []
...
---
timestamp: 1749036724
servers_queried: 8
osts_queried: 24
mdts_queried: 8
total_jobs: 19
top_5_jobs: []
...
---
timestamp: 1749036725
servers_queried: 8
osts_queried: 24
mdts_queried: 8
total_jobs: 19
top_5_jobs: []
...
---
timestamp: 1749036727
servers_queried: 8
osts_queried: 24
mdts_queried: 8
total_jobs: 19
top_5_jobs: []
...
---
timestamp: 1749036729
servers_queried: 8
osts_queried: 24
mdts_queried: 8
total_jobs: 19
top_5_jobs: []
...
---
timestamp: 1749036730
servers_queried: 8
osts_queried: 24
mdts_queried: 8
total_jobs: 19
top_5_jobs: []
...
