---
timestamp: 1749036715
query_duration: 2
servers_queried: 8
osts_queried: 24
mdts_queried: 8
total_jobs: 19
top_5_job_operation_rates_during_query_windows: []
...
---
timestamp: 1749036716
query_duration: 1
servers_queried: 8
osts_queried: 24
mdts_queried: 8
total_jobs: 19
top_5_job_operation_rates_during_query_windows: []
...
---
timestamp: 1749036718
query_duration: 2
servers_queried: 8
osts_queried: 24
mdts_queried: 8
total_jobs: 19
top_5_job_operation_rates_during_query_windows: []
...
---
timestamp: 1749036720
query_duration: 2
servers_queried: 8
osts_queried: 24
mdts_queried: 8
total_jobs: 19
top_5_job_operation_rates_during_query_windows: []
...
---
timestamp: 1749036722
query_duration: 2
servers_queried: 8
osts_queried: 24
mdts_queried: 8
total_jobs: 19
top_5_job_operation_rates_during_query_windows: []
...
---
timestamp: 1749036724
query_duration: 2
servers_queried: 8
osts_queried: 24
mdts_queried: 8
total_jobs: 19
top_5_job_operation_rates_during_query_windows: []
...
---
timestamp: 1749036725
query_duration: 1
servers_queried: 8
osts_queried: 24
mdts_queried: 8
total_jobs: 19
top_5_job_operation_rates_during_query_windows: []
...
---
timestamp: 1749036727
query_duration: 2
servers_queried: 8
osts_queried: 24
mdts_queried: 8
total_jobs: 19
top_5_job_operation_rates_during_query_windows: []
...
---
timestamp: 1749036729
query_duration: 2
servers_queried: 8
osts_queried: 24
mdts_queried: 8
total_jobs: 19
top_5_job_operation_rates_during_query_windows: []
...
---
timestamp: 1749036730
query_duration: 1
servers_queried: 8
osts_queried: 24
mdts_queried: 8
total_jobs: 19
top_5_job_operation_rates_during_query_windows: []
...
