---
timestamp: 1749126931
query_duration: 2
servers_queried: 8
osts_queried: 24
mdts_queried: 8
total_jobs: 36
top_1_job_operation_rates_during_query_windows: []
...
---
timestamp: 1749126932
query_duration: 1
servers_queried: 8
osts_queried: 24
mdts_queried: 8
total_jobs: 36
top_1_job_operation_rates_during_query_windows: []
...
---
timestamp: 1749126935
query_duration: 3
servers_queried: 8
osts_queried: 24
mdts_queried: 8
total_jobs: 36
top_1_job_operation_rates_during_query_windows: []
...
---
timestamp: 1749126936
query_duration: 1
servers_queried: 8
osts_queried: 24
mdts_queried: 8
total_jobs: 36
top_1_job_operation_rates_during_query_windows: []
...
