---
timestamp: 1749126929
servers_queried: 8
osts_queried: 24
mdts_queried: 8
total_jobs: 36
top_1_jobs: []
...
---
timestamp: 1749126931
servers_queried: 8
osts_queried: 24
mdts_queried: 8
total_jobs: 36
top_1_jobs: []
...
---
timestamp: 1749126933
servers_queried: 8
osts_queried: 24
mdts_queried: 8
total_jobs: 36
top_1_jobs: []
...
---
timestamp: 1749126935
servers_queried: 8
osts_queried: 24
mdts_queried: 8
total_jobs: 36
top_1_jobs: []
...
---
timestamp: 1749126937
servers_queried: 8
osts_queried: 24
mdts_queried: 8
total_jobs: 36
top_1_jobs: []
...
