---
timestamp: 1749045224
query_duration: 2
servers_queried: 8
osts_queried: 24
mdts_queried: 8
total_jobs: 24
top_5_job_operation_rates_during_query_windows: []
...
---
timestamp: 1749045226
query_duration: 2
servers_queried: 8
osts_queried: 24
mdts_queried: 8
total_jobs: 24
top_5_job_operation_rates_during_query_windows: []
...
---
timestamp: 1749045228
query_duration: 2
servers_queried: 8
osts_queried: 24
mdts_queried: 8
total_jobs: 24
top_5_job_operation_rates_during_query_windows: []
...
---
timestamp: 1749045230
query_duration: 2
servers_queried: 8
osts_queried: 24
mdts_queried: 8
total_jobs: 27
top_5_job_operation_rates_during_query_windows: []
...
---
timestamp: 1749045231
query_duration: 1
servers_queried: 8
osts_queried: 24
mdts_queried: 8
total_jobs: 27
top_5_job_operation_rates_during_query_windows:
- "3520:1000054:x440-01":{ops: 4, ga: 1, sw: 11}
...
---
timestamp: 1749045233
query_duration: 2
servers_queried: 8
osts_queried: 24
mdts_queried: 8
total_jobs: 27
top_5_job_operation_rates_during_query_windows: []
...
