---
timestamp: 1749037622
servers_queried: 8
osts_queried: 24
mdts_queried: 8
total_jobs: 19
top_5_jobs: []
...
---
timestamp: 1749037624
servers_queried: 8
osts_queried: 24
mdts_queried: 8
total_jobs: 19
top_5_jobs: []
...
---
timestamp: 1749037626
servers_queried: 8
osts_queried: 24
mdts_queried: 8
total_jobs: 19
top_5_jobs: []
...
---
timestamp: 1749037627
servers_queried: 8
osts_queried: 24
mdts_queried: 8
total_jobs: 19
top_5_jobs: []
...
---
timestamp: 1749037629
servers_queried: 8
osts_queried: 24
mdts_queried: 8
total_jobs: 22
top_5_jobs:
- "3516:1000054:x440-03":{ops: 62, op: 2, cl: 2, ga: 6, rd: 26, rb: {'4K': 2, '4M': 2, '16M': 22}}
- "3516:1000054:x440-02":{ops: 62, op: 2, cl: 2, ga: 6, rd: 26, rb: {'4K': 2, '4M': 2, '16M': 22}}
- "3516:1000054:x440-04":{ops: 62, op: 2, cl: 2, ga: 6, rd: 26, rb: {'4K': 2, '4M': 2, '16M': 22}}
...
---
timestamp: 1749037631
servers_queried: 8
osts_queried: 24
mdts_queried: 8
total_jobs: 23
top_5_jobs:
- "3516:1000054:x440-03":{ops: 62, op: 2, cl: 2, ga: 6, rd: 26, rb: {'4K': 2, '4M': 2, '16M': 22}}
- "3516:1000054:x440-02":{ops: 62, op: 2, cl: 2, ga: 6, rd: 26, rb: {'4K': 2, '4M': 2, '16M': 22}}
- "3516:1000054:x440-04":{ops: 62, op: 2, cl: 2, ga: 6, rd: 26, rb: {'4K': 2, '4M': 2, '16M': 22}}
- "3516:1000054:x440-01":{ops: 62, op: 2, cl: 2, ga: 6, rd: 26, rb: {'4K': 2, '4M': 2, '16M': 22}}
...
---
timestamp: 1749037633
servers_queried: 8
osts_queried: 24
mdts_queried: 8
total_jobs: 23
top_5_jobs:
- "3516:1000054:x440-03":{ops: 62, op: 2, cl: 2, ga: 6, rd: 26, rb: {'4K': 2, '4M': 2, '16M': 22}}
- "3516:1000054:x440-02":{ops: 62, op: 2, cl: 2, ga: 6, rd: 26, rb: {'4K': 2, '4M': 2, '16M': 22}}
- "3516:1000054:x440-04":{ops: 62, op: 2, cl: 2, ga: 6, rd: 26, rb: {'4K': 2, '4M': 2, '16M': 22}}
- "3516:1000054:x440-01":{ops: 62, op: 2, cl: 2, ga: 6, rd: 26, rb: {'4K': 2, '4M': 2, '16M': 22}}
...
