---
timestamp: 1749043712
query_duration: 2
servers_queried: 8
osts_queried: 24
mdts_queried: 8
total_jobs: 23
top_5_job_operation_rates_during_query_windows: []
...
---
timestamp: 1749043714
query_duration: 2
servers_queried: 8
osts_queried: 24
mdts_queried: 8
total_jobs: 23
top_5_job_operation_rates_during_query_windows: []
...
---
timestamp: 1749043715
query_duration: 1
servers_queried: 8
osts_queried: 24
mdts_queried: 8
total_jobs: 23
top_5_job_operation_rates_during_query_windows: []
...
---
timestamp: 1749043717
query_duration: 2
servers_queried: 8
osts_queried: 24
mdts_queried: 8
total_jobs: 26
top_5_job_operation_rates_during_query_windows: []
...
---
timestamp: 1749043719
query_duration: 2
servers_queried: 8
osts_queried: 24
mdts_queried: 8
total_jobs: 26
top_5_job_operation_rates_during_query_windows:
- "3519:1000054:x440-01":{ops: 6, ga: 1, sw: 12}
...
---
timestamp: 1749043721
query_duration: 2
servers_queried: 8
osts_queried: 24
mdts_queried: 8
total_jobs: 26
top_5_job_operation_rates_during_query_windows: []
...
---
timestamp: 1749043723
query_duration: 2
servers_queried: 8
osts_queried: 24
mdts_queried: 8
total_jobs: 26
top_5_job_operation_rates_during_query_windows: []
...
