---
timestamp: 1749037624
query_duration: 2
servers_queried: 8
osts_queried: 24
mdts_queried: 8
total_jobs: 19
top_5_job_operation_rates_during_query_windows: []
...
---
timestamp: 1749037626
query_duration: 2
servers_queried: 8
osts_queried: 24
mdts_queried: 8
total_jobs: 19
top_5_job_operation_rates_during_query_windows: []
...
---
timestamp: 1749037627
query_duration: 1
servers_queried: 8
osts_queried: 24
mdts_queried: 8
total_jobs: 19
top_5_job_operation_rates_during_query_windows: []
...
---
timestamp: 1749037629
query_duration: 2
servers_queried: 8
osts_queried: 24
mdts_queried: 8
total_jobs: 22
top_5_job_operation_rates_during_query_windows: []
...
---
timestamp: 1749037631
query_duration: 2
servers_queried: 8
osts_queried: 24
mdts_queried: 8
total_jobs: 23
top_5_job_operation_rates_during_query_windows: []
...
---
timestamp: 1749037633
query_duration: 2
servers_queried: 8
osts_queried: 24
mdts_queried: 8
total_jobs: 23
top_5_job_operation_rates_during_query_windows: []
...
